<?xml version="1.0" encoding="UTF-8"?>
<testsuite xmlns:xsi="http://www.w3.org/2001/XMLSchema-instance" xsi:noNamespaceSchemaLocation="https://maven.apache.org/surefire/maven-surefire-plugin/xsd/surefire-test-report.xsd" name="conduitApp.ConduitTest" time="6.677" tests="3" errors="0" skipped="0" failures="1">
  <properties>
[...]
</properties>
  <testcase name="testAll[1][1]" classname="conduitApp.ConduitTest" time="3.416">
    <failure message="status code was: 401, expected: 200, response time in milliseconds: 474, url: https://conduit.productionready.io/api/articles, response: &#10;HTTP Token: Access denied.&#10;&#10;classpath:conduitApp/feature/Articles.feature:17" type="org.opentest4j.AssertionFailedError">org.opentest4j.AssertionFailedError: 
status code was: 401, expected: 200, response time in milliseconds: 474, url: https://conduit.productionready.io/api/articles, response: 
HTTP Token: Access denied.

classpath:conduitApp/feature/Articles.feature:17
</failure>
    <system-out><![CDATA[19:27:50.880 [main] DEBUG com.intuit.karate.Suite - [config] classpath:karate-config.js
19:27:51.848 [main] INFO  com.intuit.karate - karate.env system property was: null 
19:27:52.540 [main] DEBUG com.intuit.karate - request:
1 > POST https://conduit.productionready.io/api/users/login
1 > Content-Type: application/json; charset=UTF-8
1 > Content-Length: 59
1 > Host: conduit.productionready.io
1 > Connection: Keep-Alive
1 > User-Agent: Apache-HttpClient/4.5.13 (Java/1.8.0_271)
1 > Accept-Encoding: gzip,deflate
{"user":{"password":"karate123","email":"karate@test.com"}}

19:27:53.293 [main] DEBUG com.intuit.karate - response time in milliseconds: 751
1 < 200
1 < Date: Sun, 23 May 2021 22:27:53 GMT
1 < Content-Type: application/json; charset=utf-8
1 < Transfer-Encoding: chunked
1 < Connection: keep-alive
1 < Cache-Control: max-age=0, private, must-revalidate
1 < ETag: W/"c70e1633c02f4a780ea4d26c40d8c38a"
1 < Status: 200 OK
1 < Vary: Origin
1 < X-Content-Type-Options: nosniff
1 < X-Frame-Options: SAMEORIGIN
1 < X-Powered-By: Phusion Passenger 4.0.60
1 < X-Request-Id: a6e85a7e-b9a5-41e6-9902-49f24183c9d2
1 < X-Runtime: 0.082359
1 < X-XSS-Protection: 1; mode=block
1 < CF-Cache-Status: DYNAMIC
1 < cf-request-id: 0a3cf095810000f71c99b03000000001
1 < Expect-CT: max-age=604800, report-uri="https://report-uri.cloudflare.com/cdn-cgi/beacon/expect-ct"
1 < Report-To: {"endpoints":[{"url":"https:\/\/a.nel.cloudflare.com\/report?s=hiNzOyS81FBKu4%2Fw7j8sA0ocq2J634CVU4iz5oYtoSRjxewSDqrdhEuNkjoQQNXLgfz2wFnqf6ZUy%2FQELaeIkqSnRYZYA5REB0WOp01FhcNNov%2BZ1go1zjPerQ%3D%3D"}],"group":"cf-nel","max_age":604800}
1 < NEL: {"report_to":"cf-nel","max_age":604800}
1 < Server: cloudflare
1 < CF-RAY: 6541b6cf3fc1f71c-GRU
1 < alt-svc: h3-27=":443"; ma=86400, h3-28=":443"; ma=86400, h3-29=":443"; ma=86400
{"user":{"createdAt":"2020-07-11T19:34:10.412Z","image":"https:\/\/www.clipartmax.com\/png\/middle\/149-1498081_karate-cartoon-stock-photography-stock-illustration-karate-kid-icon.png","bio":null,"id":105279,"email":"karate@test.com","updatedAt":"2021-05-17T19:57:28.216Z","username":"Karate Kid","token":"eyJ0eXAiOiJKV1QiLCJhbGciOiJIUzI1NiJ9.eyJpZCI6MTA1Mjc5LCJ1c2VybmFtZSI6IkthcmF0ZSBLaWQiLCJleHAiOjE2MjY5OTI4NzN9.cMfpk_n1VstjwU7TijcLdqeeeWtr5w30rCphQcCZAbE"}}
19:27:53.313 [main] DEBUG com.intuit.karate - request:
2 > POST https://conduit.productionready.io/api/articles
2 > Authorization: TokeneyJ0eXAiOiJKV1QiLCJhbGciOiJIUzI1NiJ9.eyJpZCI6MTA1Mjc5LCJ1c2VybmFtZSI6IkthcmF0ZSBLaWQiLCJleHAiOjE2MjY5OTI4NzN9.cMfpk_n1VstjwU7TijcLdqeeeWtr5w30rCphQcCZAbE
2 > Content-Type: application/json; charset=UTF-8
2 > Content-Length: 84
2 > Host: conduit.productionready.io
2 > Connection: Keep-Alive
2 > User-Agent: Apache-HttpClient/4.5.13 (Java/1.8.0_271)
2 > Accept-Encoding: gzip,deflate
{"article":{"tagList":[],"description":"test test","title":"Bla bla","body":"body"}}

19:27:53.787 [main] DEBUG com.intuit.karate - response time in milliseconds: 474
2 < 401
2 < Date: Sun, 23 May 2021 22:27:53 GMT
2 < Content-Type: text/html; charset=utf-8
2 < Transfer-Encoding: chunked
2 < Connection: keep-alive
2 < Cache-Control: no-cache
2 < Status: 401 Unauthorized
2 < Vary: Origin
2 < WWW-Authenticate: Token realm="Application"
2 < X-Content-Type-Options: nosniff
2 < X-Frame-Options: SAMEORIGIN
2 < X-Powered-By: Phusion Passenger 4.0.60
2 < X-Request-Id: 5b203db6-220f-46d7-9085-165b6a2a71e1
2 < X-Runtime: 0.004264
2 < X-XSS-Protection: 1; mode=block
2 < CF-Cache-Status: DYNAMIC
2 < cf-request-id: 0a3cf097d00000603018204000000001
2 < Expect-CT: max-age=604800, report-uri="https://report-uri.cloudflare.com/cdn-cgi/beacon/expect-ct"
2 < Report-To: {"endpoints":[{"url":"https:\/\/a.nel.cloudflare.com\/report?s=HCnb9zjTujgluzECYzB70RxOR7q%2BSU62tW0lnY9FU3i5weAIxXBzpTrpRjCF8%2FW8NiKv5WQowc%2FMauf3v59226JxRV%2FHJ2GuRO%2F0cxmsebF8%2BAXQlvfAeofXkw%3D%3D"}],"group":"cf-nel","max_age":604800}
2 < NEL: {"report_to":"cf-nel","max_age":604800}
2 < Server: cloudflare
2 < CF-RAY: 6541b6d2ead96030-GRU
2 < alt-svc: h3-27=":443"; ma=86400, h3-28=":443"; ma=86400, h3-29=":443"; ma=86400
HTTP Token: Access denied.

19:27:53.789 [main] ERROR com.intuit.karate - classpath:conduitApp/feature/Articles.feature:17
Then status 200
status code was: 401, expected: 200, response time in milliseconds: 474, url: https://conduit.productionready.io/api/articles, response: 
HTTP Token: Access denied.

classpath:conduitApp/feature/Articles.feature:17
---------------------------------------------------------
feature: classpath:conduitApp/feature/Articles.feature
scenarios:  1 | passed:  0 | failed:  1 | time: 1,8708
---------------------------------------------------------

]]></system-out>
  </testcase>
  <testcase name="testAll[2][1]" classname="conduitApp.ConduitTest" time="1.63"/>
  <testcase name="testAll[2][2]" classname="conduitApp.ConduitTest" time="0.935"/>
</testsuite>